KFold = 5 :
reading training and testing data...
******************* GBDT ********************
training took 115.495152s!
******************* GBDT********************
confusion_matrix:
[[133  19]
 [ 21 153]]
accuracy_score: 
0.8773006134969326
precision_score: 
0.8895348837209303
recall_score: 
0.8793103448275862
f1_score: 
0.8843930635838151
MCC:  0.7537405809085137
reading training and testing data...
******************* GBDT ********************
training took 149.344806s!
******************* GBDT********************
confusion_matrix:
[[146  24]
 [ 21 134]]
accuracy_score: 
0.8615384615384616
precision_score: 
0.8481012658227848
recall_score: 
0.864516129032258
f1_score: 
0.8562300319488818
MCC:  0.7228460422113832
reading training and testing data...
******************* GBDT ********************
training took 114.049565s!
******************* GBDT********************
confusion_matrix:
[[146  17]
 [ 20 142]]
accuracy_score: 
0.8861538461538462
precision_score: 
0.8930817610062893
recall_score: 
0.8765432098765432
f1_score: 
0.8847352024922117
MCC:  0.7724242623732164
reading training and testing data...
******************* GBDT ********************
training took 111.448492s!
******************* GBDT********************
confusion_matrix:
[[144  12]
 [ 12 157]]
accuracy_score: 
0.9261538461538461
precision_score: 
0.9289940828402367
recall_score: 
0.9289940828402367
f1_score: 
0.9289940828402367
MCC:  0.8520710059171598
reading training and testing data...
******************* GBDT ********************
training took 109.892995s!
******************* GBDT********************
confusion_matrix:
[[144  19]
 [ 26 136]]
accuracy_score: 
0.8615384615384616
precision_score: 
0.8774193548387097
recall_score: 
0.8395061728395061
f1_score: 
0.8580441640378549
MCC:  0.7237095592901629
KFold = 5 :
reading training and testing data...
******************* GBDT ********************
training took 209.091972s!
******************* GBDT********************
confusion_matrix:
[[298  21]
 [ 27 142]]
accuracy_score: 
0.9016393442622951
precision_score: 
0.8711656441717791
recall_score: 
0.8402366863905325
f1_score: 
0.8554216867469879
MCC:  0.7812173877163652
reading training and testing data...
******************* GBDT ********************
training took 196.140370s!
******************* GBDT********************
confusion_matrix:
[[312  21]
 [ 20 135]]
accuracy_score: 
0.9159836065573771
precision_score: 
0.8653846153846154
recall_score: 
0.8709677419354839
f1_score: 
0.8681672025723471
MCC:  0.8065229836990769
reading training and testing data...
******************* GBDT ********************
training took 169.016229s!
******************* GBDT********************
confusion_matrix:
[[302  27]
 [ 19 140]]
accuracy_score: 
0.9057377049180327
precision_score: 
0.8383233532934131
recall_score: 
0.8805031446540881
f1_score: 
0.8588957055214723
MCC:  0.7887257493790975
reading training and testing data...
******************* GBDT ********************
training took 163.804928s!
******************* GBDT********************
confusion_matrix:
[[309  25]
 [ 13 141]]
accuracy_score: 
0.9221311475409836
precision_score: 
0.8493975903614458
recall_score: 
0.9155844155844156
f1_score: 
0.88125
MCC:  0.8247271371256222
reading training and testing data...
******************* GBDT ********************
training took 151.948268s!
******************* GBDT********************
confusion_matrix:
[[303  15]
 [ 23 146]]
accuracy_score: 
0.9219712525667351
precision_score: 
0.906832298136646
recall_score: 
0.863905325443787
f1_score: 
0.8848484848484849
MCC:  0.8264500583786417
KFold = 5 :
reading training and testing data...
******************* GBDT ********************
training took 480.570718s!
******************* GBDT********************
confusion_matrix:
[[780  77]
 [ 16 103]]
accuracy_score: 
0.9047131147540983
precision_score: 
0.5722222222222222
recall_score: 
0.865546218487395
f1_score: 
0.6889632107023411
MCC:  0.6544307941143532
reading training and testing data...
******************* GBDT ********************
training took 472.326215s!
******************* GBDT********************
confusion_matrix:
[[798  64]
 [ 16  98]]
accuracy_score: 
0.9180327868852459
precision_score: 
0.6049382716049383
recall_score: 
0.8596491228070176
f1_score: 
0.7101449275362319
MCC:  0.6779989260398974
reading training and testing data...
******************* GBDT ********************
training took 293.538945s!
******************* GBDT********************
confusion_matrix:
[[790  46]
 [ 22 118]]
accuracy_score: 
0.930327868852459
precision_score: 
0.7195121951219512
recall_score: 
0.8428571428571429
f1_score: 
0.7763157894736842
MCC:  0.7385867410673833
reading training and testing data...
******************* GBDT ********************
training took 264.645684s!
******************* GBDT********************
confusion_matrix:
[[796  55]
 [ 20 104]]
accuracy_score: 
0.9230769230769231
precision_score: 
0.6540880503144654
recall_score: 
0.8387096774193549
f1_score: 
0.734982332155477
MCC:  0.6981001518789026
reading training and testing data...
******************* GBDT ********************
training took 332.773765s!
******************* GBDT********************
confusion_matrix:
[[810  60]
 [ 17  88]]
accuracy_score: 
0.921025641025641
precision_score: 
0.5945945945945946
recall_score: 
0.8380952380952381
f1_score: 
0.6956521739130435
MCC:  0.6644621653453257
KFold = 5 :
reading training and testing data...
******************* GBDT ********************
training took 1000.587874s!
******************* GBDT********************
confusion_matrix:
[[1608   74]
 [  20   87]]
accuracy_score: 
0.9474566797093348
precision_score: 
0.5403726708074534
recall_score: 
0.8130841121495327
f1_score: 
0.6492537313432836
MCC:  0.637296116185293
reading training and testing data...
******************* GBDT ********************
training took 563.576085s!
******************* GBDT********************
confusion_matrix:
[[1619   69]
 [  18   83]]
accuracy_score: 
0.951369480156512
precision_score: 
0.5460526315789473
recall_score: 
0.8217821782178217
f1_score: 
0.6561264822134388
MCC:  0.646396804635194
reading training and testing data...
******************* GBDT ********************
training took 529.566174s!
******************* GBDT********************
confusion_matrix:
[[1598   78]
 [  19   94]]
accuracy_score: 
0.9457797652319732
precision_score: 
0.5465116279069767
recall_score: 
0.831858407079646
f1_score: 
0.6596491228070175
MCC:  0.6480419432507157
reading training and testing data...
******************* GBDT ********************
training took 536.127740s!
******************* GBDT********************
confusion_matrix:
[[1610   65]
 [  17   96]]
accuracy_score: 
0.9541387024608501
precision_score: 
0.5962732919254659
recall_score: 
0.8495575221238938
f1_score: 
0.7007299270072993
MCC:  0.6891721225350935
reading training and testing data...
******************* GBDT ********************
training took 526.650229s!
******************* GBDT********************
confusion_matrix:
[[1604   68]
 [  17   99]]
accuracy_score: 
0.9524608501118568
precision_score: 
0.592814371257485
recall_score: 
0.853448275862069
f1_score: 
0.6996466431095406
MCC:  0.6879700815298746
